<?xml version="1.0" encoding="UTF-8" ?>
<testsuite tests="22" failures="0" name="hr.fer.oprpp1.custom.collections.ArrayIndexedCollectionTest" time="0.014" errors="0" skipped="0">
  <properties>
    <property name="java.runtime.name" value="OpenJDK Runtime Environment"/>
    <property name="java.vm.version" value="15+36-1562"/>
    <property name="sun.boot.library.path" value="C:\Program Files\Java\jdk-15\bin"/>
    <property name="maven.multiModuleProjectDirectory" value="C:\eclipse\eclipse3\hw01-0036518709"/>
    <property name="java.vm.vendor" value="Oracle Corporation"/>
    <property name="java.vendor.url" value="https://java.oracle.com/"/>
    <property name="guice.disable.misplaced.annotation.check" value="true"/>
    <property name="path.separator" value=";"/>
    <property name="java.vm.name" value="OpenJDK 64-Bit Server VM"/>
    <property name="sun.os.patch.level" value=""/>
    <property name="user.script" value=""/>
    <property name="user.country" value="HR"/>
    <property name="sun.java.launcher" value="SUN_STANDARD"/>
    <property name="java.vm.specification.name" value="Java Virtual Machine Specification"/>
    <property name="user.dir" value="C:\eclipse\eclipse3\hw01-0036518709"/>
    <property name="java.vm.compressedOopsMode" value="32-bit"/>
    <property name="java.runtime.version" value="15+36-1562"/>
    <property name="os.arch" value="amd64"/>
    <property name="java.io.tmpdir" value="C:\Users\sblag\AppData\Local\Temp\"/>
    <property name="line.separator" value="
"/>
    <property name="java.vm.specification.vendor" value="Oracle Corporation"/>
    <property name="user.variant" value=""/>
    <property name="os.name" value="Windows 10"/>
    <property name="classworlds.conf" value="C:\apache\apache-maven-3.6.3\bin\..\bin\m2.conf"/>
    <property name="sun.jnu.encoding" value="Cp1250"/>
    <property name="java.library.path" value="C:\Program Files\Java\jdk-15\bin;C:\WINDOWS\Sun\Java\bin;C:\WINDOWS\system32;C:\WINDOWS;C:\Program Files (x86)\Intel\iCLS Client\;C:\Program Files\Intel\iCLS Client\;C:\WINDOWS\system32;C:\WINDOWS;C:\WINDOWS\System32\Wbem;C:\WINDOWS\System32\WindowsPowerShell\v1.0\;C:\Program Files (x86)\Intel\Intel(R) Management Engine Components\DAL;C:\Program Files\Intel\Intel(R) Management Engine Components\DAL;C:\Program Files (x86)\Intel\Intel(R) Management Engine Components\IPT;C:\Program Files\Intel\Intel(R) Management Engine Components\IPT;C:\MinGW\bin;C:\WINDOWS\System32\OpenSSH\;C:\Program Files\mingw-w64\x86_64-8.1.0-win32-seh-rt_v6-rev0\mingw64\bin;C:\Program Files\nodejs\;C:\apache\apache-maven-3.6.3\bin;C:\Program Files (x86)\Git\cmd;C:\Program Files (x86)\Intel\iCLS Client\;C:\Program Files\Intel\iCLS Client\;C:\Windows\system32;C:\Windows;C:\Windows\System32\Wbem;C:\Windows\System32\WindowsPowerShell\v1.0\;C:\Program Files (x86)\Intel\Intel(R) Management Engine Components\DAL;C:\Program Files\Intel\Intel(R) Management Engine Components\DAL;C:\Program Files (x86)\Intel\Intel(R) Management Engine Components\IPT;C:\Program Files\Intel\Intel(R) Management Engine Components\IPT;C:\Users\sblag\AppData\Local\Microsoft\WindowsApps;C:\MinGwBin;C:\Users\sblag\AppData\Local\Programs\Microsoft VS Code\bin;C:\Users\sblag\AppData\Local\Microsoft\WindowsApps;C:\Program Files\Java\jdk-15\bin;C:\Users\sblag\AppData\Roaming\npm;;."/>
    <property name="maven.conf" value="C:\apache\apache-maven-3.6.3\bin\../conf"/>
    <property name="jdk.debug" value="release"/>
    <property name="java.class.version" value="59.0"/>
    <property name="java.specification.name" value="Java Platform API Specification"/>
    <property name="sun.management.compiler" value="HotSpot 64-Bit Tiered Compilers"/>
    <property name="os.version" value="10.0"/>
    <property name="library.jansi.path" value="C:\apache\apache-maven-3.6.3\bin\..\lib\jansi-native"/>
    <property name="user.home" value="C:\Users\sblag"/>
    <property name="user.timezone" value="Europe/Zagreb"/>
    <property name="file.encoding" value="Cp1250"/>
    <property name="java.specification.version" value="15"/>
    <property name="user.name" value="sblag"/>
    <property name="java.class.path" value="C:\apache\apache-maven-3.6.3\bin\..\boot\plexus-classworlds-2.6.0.jar"/>
    <property name="java.vm.specification.version" value="15"/>
    <property name="sun.arch.data.model" value="64"/>
    <property name="sun.java.command" value="org.codehaus.plexus.classworlds.launcher.Launcher test"/>
    <property name="java.home" value="C:\Program Files\Java\jdk-15"/>
    <property name="user.language" value="hr"/>
    <property name="java.specification.vendor" value="Oracle Corporation"/>
    <property name="java.vm.info" value="mixed mode, sharing"/>
    <property name="java.version" value="15"/>
    <property name="java.vendor" value="Oracle Corporation"/>
    <property name="sun.stderr.encoding" value="cp852"/>
    <property name="maven.home" value="C:\apache\apache-maven-3.6.3\bin\.."/>
    <property name="file.separator" value="\"/>
    <property name="java.version.date" value="2020-09-15"/>
    <property name="java.vendor.url.bug" value="https://bugreport.java.com/bugreport/"/>
    <property name="sun.io.unicode.encoding" value="UnicodeLittle"/>
    <property name="sun.cpu.endian" value="little"/>
    <property name="sun.stdout.encoding" value="cp852"/>
    <property name="sun.cpu.isalist" value="amd64"/>
  </properties>
  <testcase classname="hr.fer.oprpp1.custom.collections.ArrayIndexedCollectionTest" name="hr.fer.oprpp1.custom.collections.ArrayIndexedCollectionTest.testArrayIndexedCollectionDefaultConstructor" time="0.008"/>
  <testcase classname="hr.fer.oprpp1.custom.collections.ArrayIndexedCollectionTest" name="hr.fer.oprpp1.custom.collections.ArrayIndexedCollectionTest.testRemoveByIndexMethodThrowsException" time="0.005"/>
  <testcase classname="hr.fer.oprpp1.custom.collections.ArrayIndexedCollectionTest" name="hr.fer.oprpp1.custom.collections.ArrayIndexedCollectionTest.testContainsMethod" time="0"/>
  <testcase classname="hr.fer.oprpp1.custom.collections.ArrayIndexedCollectionTest" name="hr.fer.oprpp1.custom.collections.ArrayIndexedCollectionTest.testClearMethod" time="0"/>
  <testcase classname="hr.fer.oprpp1.custom.collections.ArrayIndexedCollectionTest" name="hr.fer.oprpp1.custom.collections.ArrayIndexedCollectionTest.testGetMethod" time="0.001"/>
  <testcase classname="hr.fer.oprpp1.custom.collections.ArrayIndexedCollectionTest" name="hr.fer.oprpp1.custom.collections.ArrayIndexedCollectionTest.testAddMethod" time="0"/>
  <testcase classname="hr.fer.oprpp1.custom.collections.ArrayIndexedCollectionTest" name="hr.fer.oprpp1.custom.collections.ArrayIndexedCollectionTest.testIsEmptyMethod" time="0"/>
  <testcase classname="hr.fer.oprpp1.custom.collections.ArrayIndexedCollectionTest" name="hr.fer.oprpp1.custom.collections.ArrayIndexedCollectionTest.testIndexOfMethod" time="0"/>
  <testcase classname="hr.fer.oprpp1.custom.collections.ArrayIndexedCollectionTest" name="hr.fer.oprpp1.custom.collections.ArrayIndexedCollectionTest.testSizeMethod" time="0"/>
  <testcase classname="hr.fer.oprpp1.custom.collections.ArrayIndexedCollectionTest" name="hr.fer.oprpp1.custom.collections.ArrayIndexedCollectionTest.testToArrayMethod" time="0"/>
  <testcase classname="hr.fer.oprpp1.custom.collections.ArrayIndexedCollectionTest" name="hr.fer.oprpp1.custom.collections.ArrayIndexedCollectionTest.testInsertMethod" time="0"/>
  <testcase classname="hr.fer.oprpp1.custom.collections.ArrayIndexedCollectionTest" name="hr.fer.oprpp1.custom.collections.ArrayIndexedCollectionTest.testInsertMethodThrowsException" time="0"/>
  <testcase classname="hr.fer.oprpp1.custom.collections.ArrayIndexedCollectionTest" name="hr.fer.oprpp1.custom.collections.ArrayIndexedCollectionTest.testAddMethodNullException" time="0"/>
  <testcase classname="hr.fer.oprpp1.custom.collections.ArrayIndexedCollectionTest" name="hr.fer.oprpp1.custom.collections.ArrayIndexedCollectionTest.testGetMethodThrowsException" time="0"/>
  <testcase classname="hr.fer.oprpp1.custom.collections.ArrayIndexedCollectionTest" name="hr.fer.oprpp1.custom.collections.ArrayIndexedCollectionTest.testIndexOfMethodNullValue" time="0"/>
  <testcase classname="hr.fer.oprpp1.custom.collections.ArrayIndexedCollectionTest" name="hr.fer.oprpp1.custom.collections.ArrayIndexedCollectionTest.testBooleanRemoveMethod" time="0"/>
  <testcase classname="hr.fer.oprpp1.custom.collections.ArrayIndexedCollectionTest" name="hr.fer.oprpp1.custom.collections.ArrayIndexedCollectionTest.testRemoveByIndexMethod" time="0"/>
  <testcase classname="hr.fer.oprpp1.custom.collections.ArrayIndexedCollectionTest" name="hr.fer.oprpp1.custom.collections.ArrayIndexedCollectionTest.testAddMethodThrowsException" time="0"/>
  <testcase classname="hr.fer.oprpp1.custom.collections.ArrayIndexedCollectionTest" name="hr.fer.oprpp1.custom.collections.ArrayIndexedCollectionTest.testArrayIndexedCollectionConstructorWithTwoArgumentsThrowsException" time="0"/>
  <testcase classname="hr.fer.oprpp1.custom.collections.ArrayIndexedCollectionTest" name="hr.fer.oprpp1.custom.collections.ArrayIndexedCollectionTest.testArrayIndexedCollectionConstructorThrowsException" time="0"/>
  <testcase classname="hr.fer.oprpp1.custom.collections.ArrayIndexedCollectionTest" name="hr.fer.oprpp1.custom.collections.ArrayIndexedCollectionTest.testArrayIndexedCollectionConstructorWithTwoArguments" time="0"/>
  <testcase classname="hr.fer.oprpp1.custom.collections.ArrayIndexedCollectionTest" name="hr.fer.oprpp1.custom.collections.ArrayIndexedCollectionTest.testArrayIndexedCollectionConstructorWithInitialCapacityParameter" time="0"/>
</testsuite>